<?xml version="1.0" encoding="UTF-8"?>
<!-- Generated by org.testng.reporters.JUnitReportReporter -->
<testsuite hostname="ip-172-31-2-148" failures="0" tests="1" name="MAVENPROJECT.MAVENPROJECT.NewTest" time="3.489" errors="0" timestamp="2023-08-30T07:01:38 UTC" skipped="0">
  <testcase classname="MAVENPROJECT.MAVENPROJECT.NewTest" name="f" time="3.489"/>
</testsuite> <!-- MAVENPROJECT.MAVENPROJECT.NewTest -->
